{"timestamp":"2025-09-26T00:00:00.378584","level":"info","event":"DAG bundles loaded: dags-folder","logger":"airflow.dag_processing.bundles.manager.DagBundlesManager"}
{"timestamp":"2025-09-26T00:00:00.378871","level":"info","event":"Filling up the DagBag from /opt/airflow/dags/rag_ingest_docker.py","logger":"airflow.models.dagbag.DagBag"}
{"timestamp":"2025-09-26T00:00:00.452169","level":"info","event":"Starting docker container from image rag-ingest:latest","logger":"airflow.task.operators.airflow.providers.docker.operators.docker.DockerOperator"}
{"timestamp":"2025-09-26T00:00:00.453139","level":"warning","event":"Using remote engine or docker-in-docker and mounting temporary volume from host is not supported. Falling back to `mount_tmp_dir=False` mode. You can set `mount_tmp_dir` parameter to False to disable mounting and remove the warning","logger":"airflow.task.operators.airflow.providers.docker.operators.docker.DockerOperator"}
{"timestamp":"2025-09-26T00:10:07.511352","level":"info","event":"2025-09-26 00:10:07,510 [ERROR][handler]: RPC error: [get_loading_progress], <MilvusException: (code=2001, message=show collection failed: failed to load field data: Unknown code(7): Error making file reader:ArrowError: IOError: Path does not exist 'a-bucket/files/insert_log/460989165194969452/460989165194969453/460989165195333627/0/460989165195443627'. Detail: [errno 2] No such file or directory)>, <Time:{'RPC start': '2025-09-26 00:10:07.509764', 'RPC error': '2025-09-26 00:10:07.510933'}> (decorators.py:140)","logger":"airflow.task.operators.airflow.providers.docker.operators.docker.DockerOperator"}
{"timestamp":"2025-09-26T00:10:07.511468","level":"info","event":"2025-09-26 00:10:07,511 [ERROR][handler]: RPC error: [wait_for_loading_collection], <MilvusException: (code=2001, message=show collection failed: failed to load field data: Unknown code(7): Error making file reader:ArrowError: IOError: Path does not exist 'a-bucket/files/insert_log/460989165194969452/460989165194969453/460989165195333627/0/460989165195443627'. Detail: [errno 2] No such file or directory)>, <Time:{'RPC start': '2025-09-26 00:00:06.398784', 'RPC error': '2025-09-26 00:10:07.511038'}> (decorators.py:140)","logger":"airflow.task.operators.airflow.providers.docker.operators.docker.DockerOperator"}
{"timestamp":"2025-09-26T00:10:07.511569","level":"info","event":"2025-09-26 00:10:07,511 [ERROR][handler]: RPC error: [load_collection], <MilvusException: (code=2001, message=show collection failed: failed to load field data: Unknown code(7): Error making file reader:ArrowError: IOError: Path does not exist 'a-bucket/files/insert_log/460989165194969452/460989165194969453/460989165195333627/0/460989165195443627'. Detail: [errno 2] No such file or directory)>, <Time:{'RPC start': '2025-09-26 00:00:06.377504', 'RPC error': '2025-09-26 00:10:07.511081'}> (decorators.py:140)","logger":"airflow.task.operators.airflow.providers.docker.operators.docker.DockerOperator"}
{"timestamp":"2025-09-26T00:10:07.511638","level":"info","event":"Traceback (most recent call last):","logger":"airflow.task.operators.airflow.providers.docker.operators.docker.DockerOperator"}
{"timestamp":"2025-09-26T00:10:07.511699","level":"info","event":"  File \"/opt/conda/lib/python3.10/runpy.py\", line 196, in _run_module_as_main","logger":"airflow.task.operators.airflow.providers.docker.operators.docker.DockerOperator"}
{"timestamp":"2025-09-26T00:10:07.511814","level":"info","event":"    return _run_code(code, main_globals, None,","logger":"airflow.task.operators.airflow.providers.docker.operators.docker.DockerOperator"}
{"timestamp":"2025-09-26T00:10:07.511899","level":"info","event":"  File \"/opt/conda/lib/python3.10/runpy.py\", line 86, in _run_code","logger":"airflow.task.operators.airflow.providers.docker.operators.docker.DockerOperator"}
{"timestamp":"2025-09-26T00:10:07.511952","level":"info","event":"    exec(code, run_globals)","logger":"airflow.task.operators.airflow.providers.docker.operators.docker.DockerOperator"}
{"timestamp":"2025-09-26T00:10:07.511978","level":"info","event":"  File \"/app/src/ingest.py\", line 86, in <module>","logger":"airflow.task.operators.airflow.providers.docker.operators.docker.DockerOperator"}
{"timestamp":"2025-09-26T00:10:07.512016","level":"info","event":"    main()","logger":"airflow.task.operators.airflow.providers.docker.operators.docker.DockerOperator"}
{"timestamp":"2025-09-26T00:10:07.512039","level":"info","event":"  File \"/app/src/ingest.py\", line 82, in main","logger":"airflow.task.operators.airflow.providers.docker.operators.docker.DockerOperator"}
{"timestamp":"2025-09-26T00:10:07.512059","level":"info","event":"    col.flush(); col.release(); col.load()","logger":"airflow.task.operators.airflow.providers.docker.operators.docker.DockerOperator"}
{"timestamp":"2025-09-26T00:10:07.512077","level":"info","event":"  File \"/opt/conda/lib/python3.10/site-packages/pymilvus/orm/collection.py\", line 429, in load","logger":"airflow.task.operators.airflow.providers.docker.operators.docker.DockerOperator"}
{"timestamp":"2025-09-26T00:10:07.512108","level":"info","event":"    conn.load_collection(","logger":"airflow.task.operators.airflow.providers.docker.operators.docker.DockerOperator"}
{"timestamp":"2025-09-26T00:10:07.512128","level":"info","event":"  File \"/opt/conda/lib/python3.10/site-packages/pymilvus/decorators.py\", line 141, in handler","logger":"airflow.task.operators.airflow.providers.docker.operators.docker.DockerOperator"}
{"timestamp":"2025-09-26T00:10:07.512155","level":"info","event":"    raise e from e","logger":"airflow.task.operators.airflow.providers.docker.operators.docker.DockerOperator"}
{"timestamp":"2025-09-26T00:10:07.512176","level":"info","event":"  File \"/opt/conda/lib/python3.10/site-packages/pymilvus/decorators.py\", line 137, in handler","logger":"airflow.task.operators.airflow.providers.docker.operators.docker.DockerOperator"}
{"timestamp":"2025-09-26T00:10:07.512202","level":"info","event":"    return func(*args, **kwargs)","logger":"airflow.task.operators.airflow.providers.docker.operators.docker.DockerOperator"}
{"timestamp":"2025-09-26T00:10:07.512221","level":"info","event":"  File \"/opt/conda/lib/python3.10/site-packages/pymilvus/decorators.py\", line 173, in handler","logger":"airflow.task.operators.airflow.providers.docker.operators.docker.DockerOperator"}
{"timestamp":"2025-09-26T00:10:07.512248","level":"info","event":"    return func(self, *args, **kwargs)","logger":"airflow.task.operators.airflow.providers.docker.operators.docker.DockerOperator"}
{"timestamp":"2025-09-26T00:10:07.512269","level":"info","event":"  File \"/opt/conda/lib/python3.10/site-packages/pymilvus/decorators.py\", line 116, in handler","logger":"airflow.task.operators.airflow.providers.docker.operators.docker.DockerOperator"}
{"timestamp":"2025-09-26T00:10:07.512298","level":"info","event":"    raise e from e","logger":"airflow.task.operators.airflow.providers.docker.operators.docker.DockerOperator"}
{"timestamp":"2025-09-26T00:10:07.512317","level":"info","event":"  File \"/opt/conda/lib/python3.10/site-packages/pymilvus/decorators.py\", line 86, in handler","logger":"airflow.task.operators.airflow.providers.docker.operators.docker.DockerOperator"}
{"timestamp":"2025-09-26T00:10:07.512344","level":"info","event":"    return func(*args, **kwargs)","logger":"airflow.task.operators.airflow.providers.docker.operators.docker.DockerOperator"}
{"timestamp":"2025-09-26T00:10:07.512364","level":"info","event":"  File \"/opt/conda/lib/python3.10/site-packages/pymilvus/client/grpc_handler.py\", line 1328, in load_collection","logger":"airflow.task.operators.airflow.providers.docker.operators.docker.DockerOperator"}
{"timestamp":"2025-09-26T00:10:07.512391","level":"info","event":"    self.wait_for_loading_collection(","logger":"airflow.task.operators.airflow.providers.docker.operators.docker.DockerOperator"}
{"timestamp":"2025-09-26T00:10:07.512410","level":"info","event":"  File \"/opt/conda/lib/python3.10/site-packages/pymilvus/decorators.py\", line 141, in handler","logger":"airflow.task.operators.airflow.providers.docker.operators.docker.DockerOperator"}
{"timestamp":"2025-09-26T00:10:07.512427","level":"info","event":"    raise e from e","logger":"airflow.task.operators.airflow.providers.docker.operators.docker.DockerOperator"}
{"timestamp":"2025-09-26T00:10:07.512444","level":"info","event":"  File \"/opt/conda/lib/python3.10/site-packages/pymilvus/decorators.py\", line 137, in handler","logger":"airflow.task.operators.airflow.providers.docker.operators.docker.DockerOperator"}
{"timestamp":"2025-09-26T00:10:07.512469","level":"info","event":"    return func(*args, **kwargs)","logger":"airflow.task.operators.airflow.providers.docker.operators.docker.DockerOperator"}
{"timestamp":"2025-09-26T00:10:07.512487","level":"info","event":"  File \"/opt/conda/lib/python3.10/site-packages/pymilvus/decorators.py\", line 173, in handler","logger":"airflow.task.operators.airflow.providers.docker.operators.docker.DockerOperator"}
{"timestamp":"2025-09-26T00:10:07.512516","level":"info","event":"    return func(self, *args, **kwargs)","logger":"airflow.task.operators.airflow.providers.docker.operators.docker.DockerOperator"}
{"timestamp":"2025-09-26T00:10:07.512535","level":"info","event":"  File \"/opt/conda/lib/python3.10/site-packages/pymilvus/decorators.py\", line 116, in handler","logger":"airflow.task.operators.airflow.providers.docker.operators.docker.DockerOperator"}
{"timestamp":"2025-09-26T00:10:07.512552","level":"info","event":"    raise e from e","logger":"airflow.task.operators.airflow.providers.docker.operators.docker.DockerOperator"}
{"timestamp":"2025-09-26T00:10:07.512568","level":"info","event":"  File \"/opt/conda/lib/python3.10/site-packages/pymilvus/decorators.py\", line 86, in handler","logger":"airflow.task.operators.airflow.providers.docker.operators.docker.DockerOperator"}
{"timestamp":"2025-09-26T00:10:07.512585","level":"info","event":"    return func(*args, **kwargs)","logger":"airflow.task.operators.airflow.providers.docker.operators.docker.DockerOperator"}
{"timestamp":"2025-09-26T00:10:07.512601","level":"info","event":"  File \"/opt/conda/lib/python3.10/site-packages/pymilvus/client/grpc_handler.py\", line 1362, in wait_for_loading_collection","logger":"airflow.task.operators.airflow.providers.docker.operators.docker.DockerOperator"}
{"timestamp":"2025-09-26T00:10:07.512618","level":"info","event":"    progress = self.get_loading_progress(","logger":"airflow.task.operators.airflow.providers.docker.operators.docker.DockerOperator"}
{"timestamp":"2025-09-26T00:10:07.512633","level":"info","event":"  File \"/opt/conda/lib/python3.10/site-packages/pymilvus/decorators.py\", line 141, in handler","logger":"airflow.task.operators.airflow.providers.docker.operators.docker.DockerOperator"}
{"timestamp":"2025-09-26T00:10:07.512659","level":"info","event":"    raise e from e","logger":"airflow.task.operators.airflow.providers.docker.operators.docker.DockerOperator"}
{"timestamp":"2025-09-26T00:10:07.512677","level":"info","event":"  File \"/opt/conda/lib/python3.10/site-packages/pymilvus/decorators.py\", line 137, in handler","logger":"airflow.task.operators.airflow.providers.docker.operators.docker.DockerOperator"}
{"timestamp":"2025-09-26T00:10:07.512703","level":"info","event":"    return func(*args, **kwargs)","logger":"airflow.task.operators.airflow.providers.docker.operators.docker.DockerOperator"}
{"timestamp":"2025-09-26T00:10:07.512722","level":"info","event":"  File \"/opt/conda/lib/python3.10/site-packages/pymilvus/decorators.py\", line 173, in handler","logger":"airflow.task.operators.airflow.providers.docker.operators.docker.DockerOperator"}
{"timestamp":"2025-09-26T00:10:07.512747","level":"info","event":"    return func(self, *args, **kwargs)","logger":"airflow.task.operators.airflow.providers.docker.operators.docker.DockerOperator"}
{"timestamp":"2025-09-26T00:10:07.512765","level":"info","event":"  File \"/opt/conda/lib/python3.10/site-packages/pymilvus/decorators.py\", line 116, in handler","logger":"airflow.task.operators.airflow.providers.docker.operators.docker.DockerOperator"}
{"timestamp":"2025-09-26T00:10:07.512782","level":"info","event":"    raise e from e","logger":"airflow.task.operators.airflow.providers.docker.operators.docker.DockerOperator"}
{"timestamp":"2025-09-26T00:10:07.512798","level":"info","event":"  File \"/opt/conda/lib/python3.10/site-packages/pymilvus/decorators.py\", line 86, in handler","logger":"airflow.task.operators.airflow.providers.docker.operators.docker.DockerOperator"}
{"timestamp":"2025-09-26T00:10:07.512826","level":"info","event":"    return func(*args, **kwargs)","logger":"airflow.task.operators.airflow.providers.docker.operators.docker.DockerOperator"}
{"timestamp":"2025-09-26T00:10:07.512846","level":"info","event":"  File \"/opt/conda/lib/python3.10/site-packages/pymilvus/client/grpc_handler.py\", line 1457, in get_loading_progress","logger":"airflow.task.operators.airflow.providers.docker.operators.docker.DockerOperator"}
{"timestamp":"2025-09-26T00:10:07.512873","level":"info","event":"    check_status(response.status)","logger":"airflow.task.operators.airflow.providers.docker.operators.docker.DockerOperator"}
{"timestamp":"2025-09-26T00:10:07.512892","level":"info","event":"  File \"/opt/conda/lib/python3.10/site-packages/pymilvus/client/utils.py\", line 65, in check_status","logger":"airflow.task.operators.airflow.providers.docker.operators.docker.DockerOperator"}
{"timestamp":"2025-09-26T00:10:07.512918","level":"info","event":"    raise MilvusException(status.code, status.reason, status.error_code)","logger":"airflow.task.operators.airflow.providers.docker.operators.docker.DockerOperator"}
{"timestamp":"2025-09-26T00:10:07.512946","level":"info","event":"pymilvus.exceptions.MilvusException: <MilvusException: (code=2001, message=show collection failed: failed to load field data: Unknown code(7): Error making file reader:ArrowError: IOError: Path does not exist 'a-bucket/files/insert_log/460989165194969452/460989165194969453/460989165195333627/0/460989165195443627'. Detail: [errno 2] No such file or directory)>","logger":"airflow.task.operators.airflow.providers.docker.operators.docker.DockerOperator"}
{"timestamp":"2025-09-26T00:10:08.210491","level":"error","event":"Task failed with exception","logger":"task","error_detail":[{"exc_type":"DockerContainerFailedException","exc_value":"Docker container failed: {'StatusCode': 1}","exc_notes":[],"syntax_error":null,"is_cause":false,"frames":[{"filename":"/home/airflow/.local/lib/python3.12/site-packages/airflow/sdk/execution_time/task_runner.py","lineno":920,"name":"run"},{"filename":"/home/airflow/.local/lib/python3.12/site-packages/airflow/sdk/execution_time/task_runner.py","lineno":1215,"name":"_execute_task"},{"filename":"/home/airflow/.local/lib/python3.12/site-packages/airflow/sdk/bases/operator.py","lineno":397,"name":"wrapper"},{"filename":"/home/airflow/.local/lib/python3.12/site-packages/airflow/providers/docker/operators/docker.py","lineno":500,"name":"execute"},{"filename":"/home/airflow/.local/lib/python3.12/site-packages/airflow/providers/docker/operators/docker.py","lineno":374,"name":"_run_image"},{"filename":"/home/airflow/.local/lib/python3.12/site-packages/airflow/providers/docker/operators/docker.py","lineno":435,"name":"_run_image_with_mounts"}],"is_group":false,"exceptions":[]},{"exc_type":"APIError","exc_value":"400 Client Error for http+docker://localhost/v1.49/containers/create: Bad Request (\"invalid mount config for type \"bind\": bind source path does not exist: /tmp/airflowtmpxnsl1b3t\")","exc_notes":[],"syntax_error":null,"is_cause":false,"frames":[{"filename":"/home/airflow/.local/lib/python3.12/site-packages/airflow/providers/docker/operators/docker.py","lineno":365,"name":"_run_image"},{"filename":"/home/airflow/.local/lib/python3.12/site-packages/airflow/providers/docker/operators/docker.py","lineno":392,"name":"_run_image_with_mounts"},{"filename":"/home/airflow/.local/lib/python3.12/site-packages/docker/api/container.py","lineno":440,"name":"create_container"},{"filename":"/home/airflow/.local/lib/python3.12/site-packages/docker/api/container.py","lineno":457,"name":"create_container_from_config"},{"filename":"/home/airflow/.local/lib/python3.12/site-packages/docker/api/client.py","lineno":281,"name":"_result"},{"filename":"/home/airflow/.local/lib/python3.12/site-packages/docker/api/client.py","lineno":277,"name":"_raise_for_status"},{"filename":"/home/airflow/.local/lib/python3.12/site-packages/docker/errors.py","lineno":39,"name":"create_api_error_from_http_exception"}],"is_group":false,"exceptions":[]},{"exc_type":"HTTPError","exc_value":"400 Client Error: Bad Request for url: http+docker://localhost/v1.49/containers/create","exc_notes":[],"syntax_error":null,"is_cause":true,"frames":[{"filename":"/home/airflow/.local/lib/python3.12/site-packages/docker/api/client.py","lineno":275,"name":"_raise_for_status"},{"filename":"/home/airflow/.local/lib/python3.12/site-packages/requests/models.py","lineno":1026,"name":"raise_for_status"}],"is_group":false,"exceptions":[]}]}
{"timestamp":"2025-09-26T16:14:09.137706","level":"info","event":"DAG bundles loaded: dags-folder","logger":"airflow.dag_processing.bundles.manager.DagBundlesManager"}
{"timestamp":"2025-09-26T16:14:09.137984","level":"info","event":"Filling up the DagBag from /opt/airflow/dags/rag_ingest_docker.py","logger":"airflow.models.dagbag.DagBag"}
{"timestamp":"2025-09-26T16:14:09.388564","level":"info","event":"Starting docker container from image rag-ingest:latest","logger":"airflow.task.operators.airflow.providers.docker.operators.docker.DockerOperator"}
{"timestamp":"2025-09-26T16:14:09.389878","level":"warning","event":"Using remote engine or docker-in-docker and mounting temporary volume from host is not supported. Falling back to `mount_tmp_dir=False` mode. You can set `mount_tmp_dir` parameter to False to disable mounting and remove the warning","logger":"airflow.task.operators.airflow.providers.docker.operators.docker.DockerOperator"}
